# JRE version: OpenJDK Runtime Environment (8.0_202-b03) (build 1.8.0_202-release-1483-b03)
# Java VM: OpenJDK 64-Bit Server VM (25.202-b03 mixed mode windows-amd64 compressed oops)
Heap:
 PSYoungGen      total 59904K, used 11260K [0x00000000e0000000, 0x00000000e5180000, 0x0000000100000000)
  eden space 51712K, 7% used [0x00000000e0000000,0x00000000e03f5a80,0x00000000e3280000)
  from space 8192K, 87% used [0x00000000e3280000,0x00000000e39897d0,0x00000000e3a80000)
  to   space 9216K, 0% used [0x00000000e4880000,0x00000000e4880000,0x00000000e5180000)
 ParOldGen       total 51200K, used 15737K [0x00000000a0000000, 0x00000000a3200000, 0x00000000e0000000)
  object space 51200K, 30% used [0x00000000a0000000,0x00000000a0f5e720,0x00000000a3200000)
 Metaspace       used 42242K, capacity 43230K, committed 43432K, reserved 1087488K
  class space    used 5734K, capacity 6029K, committed 6056K, reserved 1048576K
GC Heap History (10 events):
Event: 34.067 GC heap before
{Heap before GC invocations=15 (full 1):
 PSYoungGen      total 30208K, used 23098K [0x00000000e0000000, 0x00000000e3200000, 0x0000000100000000)
  eden space 21504K, 100% used [0x00000000e0000000,0x00000000e1500000,0x00000000e1500000)
  from space 8704K, 18% used [0x00000000e1500000,0x00000000e168e848,0x00000000e1d80000)
  to   space 8704K, 0% used [0x00000000e2980000,0x00000000e2980000,0x00000000e3200000)
 ParOldGen       total 35328K, used 12214K [0x00000000a0000000, 0x00000000a2280000, 0x00000000e0000000)
  object space 35328K, 34% used [0x00000000a0000000,0x00000000a0bed808,0x00000000a2280000)
 Metaspace       used 32128K, capacity 32666K, committed 32896K, reserved 1077248K
  class space    used 4439K, capacity 4624K, committed 4736K, reserved 1048576K
Event: 34.073 GC heap after
Heap after GC invocations=15 (full 1):
 PSYoungGen      total 42496K, used 1836K [0x00000000e0000000, 0x00000000e3200000, 0x0000000100000000)
  eden space 33792K, 0% used [0x00000000e0000000,0x00000000e0000000,0x00000000e2100000)
  from space 8704K, 21% used [0x00000000e2980000,0x00000000e2b4b078,0x00000000e3200000)
  to   space 8704K, 0% used [0x00000000e2100000,0x00000000e2100000,0x00000000e2980000)
 ParOldGen       total 35328K, used 12804K [0x00000000a0000000, 0x00000000a2280000, 0x00000000e0000000)
  object space 35328K, 36% used [0x00000000a0000000,0x00000000a0c813b8,0x00000000a2280000)
 Metaspace       used 32128K, capacity 32666K, committed 32896K, reserved 1077248K
  class space    used 4439K, capacity 4624K, committed 4736K, reserved 1048576K
}
Event: 35.197 GC heap before
{Heap before GC invocations=16 (full 1):
 PSYoungGen      total 42496K, used 35628K [0x00000000e0000000, 0x00000000e3200000, 0x0000000100000000)
  eden space 33792K, 100% used [0x00000000e0000000,0x00000000e2100000,0x00000000e2100000)
  from space 8704K, 21% used [0x00000000e2980000,0x00000000e2b4b078,0x00000000e3200000)
  to   space 8704K, 0% used [0x00000000e2100000,0x00000000e2100000,0x00000000e2980000)
 ParOldGen       total 35328K, used 12804K [0x00000000a0000000, 0x00000000a2280000, 0x00000000e0000000)
  object space 35328K, 36% used [0x00000000a0000000,0x00000000a0c813b8,0x00000000a2280000)
 Metaspace       used 34012K, capacity 34724K, committed 34944K, reserved 1079296K
  class space    used 4691K, capacity 4911K, committed 4992K, reserved 1048576K
Event: 35.204 GC heap after
Heap after GC invocations=16 (full 1):
 PSYoungGen      total 42496K, used 2724K [0x00000000e0000000, 0x00000000e4400000, 0x0000000100000000)
  eden space 33792K, 0% used [0x00000000e0000000,0x00000000e0000000,0x00000000e2100000)
  from space 8704K, 31% used [0x00000000e2100000,0x00000000e23a90c8,0x00000000e2980000)
  to   space 8704K, 0% used [0x00000000e3b80000,0x00000000e3b80000,0x00000000e4400000)
 ParOldGen       total 35328K, used 13372K [0x00000000a0000000, 0x00000000a2280000, 0x00000000e0000000)
  object space 35328K, 37% used [0x00000000a0000000,0x00000000a0d0f3c8,0x00000000a2280000)
 Metaspace       used 34012K, capacity 34724K, committed 34944K, reserved 1079296K
  class space    used 4691K, capacity 4911K, committed 4992K, reserved 1048576K
}
Event: 37.942 GC heap before
{Heap before GC invocations=17 (full 1):
 PSYoungGen      total 42496K, used 19449K [0x00000000e0000000, 0x00000000e4400000, 0x0000000100000000)
  eden space 33792K, 49% used [0x00000000e0000000,0x00000000e10553a0,0x00000000e2100000)
  from space 8704K, 31% used [0x00000000e2100000,0x00000000e23a90c8,0x00000000e2980000)
  to   space 8704K, 0% used [0x00000000e3b80000,0x00000000e3b80000,0x00000000e4400000)
 ParOldGen       total 35328K, used 13372K [0x00000000a0000000, 0x00000000a2280000, 0x00000000e0000000)
  object space 35328K, 37% used [0x00000000a0000000,0x00000000a0d0f3c8,0x00000000a2280000)
 Metaspace       used 34605K, capacity 35426K, committed 35496K, reserved 1079296K
  class space    used 4780K, capacity 5016K, committed 5032K, reserved 1048576K
Event: 37.948 GC heap after
Heap after GC invocations=17 (full 1):
 PSYoungGen      total 58880K, used 2355K [0x00000000e0000000, 0x00000000e4280000, 0x0000000100000000)
  eden space 51712K, 0% used [0x00000000e0000000,0x00000000e0000000,0x00000000e3280000)
  from space 7168K, 32% used [0x00000000e3b80000,0x00000000e3dccdf0,0x00000000e4280000)
  to   space 8192K, 0% used [0x00000000e3280000,0x00000000e3280000,0x00000000e3a80000)
 ParOldGen       total 35328K, used 14331K [0x00000000a0000000, 0x00000000a2280000, 0x00000000e0000000)
  object space 35328K, 40% used [0x00000000a0000000,0x00000000a0dfec48,0x00000000a2280000)
 Metaspace       used 34605K, capacity 35426K, committed 35496K, reserved 1079296K
  class space    used 4780K, capacity 5016K, committed 5032K, reserved 1048576K
}
Event: 37.948 GC heap before
{Heap before GC invocations=18 (full 2):
 PSYoungGen      total 58880K, used 2355K [0x00000000e0000000, 0x00000000e4280000, 0x0000000100000000)
  eden space 51712K, 0% used [0x00000000e0000000,0x00000000e0000000,0x00000000e3280000)
  from space 7168K, 32% used [0x00000000e3b80000,0x00000000e3dccdf0,0x00000000e4280000)
  to   space 8192K, 0% used [0x00000000e3280000,0x00000000e3280000,0x00000000e3a80000)
 ParOldGen       total 35328K, used 14331K [0x00000000a0000000, 0x00000000a2280000, 0x00000000e0000000)
  object space 35328K, 40% used [0x00000000a0000000,0x00000000a0dfec48,0x00000000a2280000)
 Metaspace       used 34605K, capacity 35426K, committed 35496K, reserved 1079296K
  class space    used 4780K, capacity 5016K, committed 5032K, reserved 1048576K
Event: 38.052 GC heap after
Heap after GC invocations=18 (full 2):
 PSYoungGen      total 58880K, used 0K [0x00000000e0000000, 0x00000000e4280000, 0x0000000100000000)
  eden space 51712K, 0% used [0x00000000e0000000,0x00000000e0000000,0x00000000e3280000)
  from space 7168K, 0% used [0x00000000e3b80000,0x00000000e3b80000,0x00000000e4280000)
  to   space 8192K, 0% used [0x00000000e3280000,0x00000000e3280000,0x00000000e3a80000)
 ParOldGen       total 51200K, used 15729K [0x00000000a0000000, 0x00000000a3200000, 0x00000000e0000000)
  object space 51200K, 30% used [0x00000000a0000000,0x00000000a0f5c720,0x00000000a3200000)
 Metaspace       used 34600K, capacity 35408K, committed 35496K, reserved 1079296K
  class space    used 4779K, capacity 5013K, committed 5032K, reserved 1048576K
}
Event: 55.929 GC heap before
{Heap before GC invocations=19 (full 2):
 PSYoungGen      total 58880K, used 51712K [0x00000000e0000000, 0x00000000e4280000, 0x0000000100000000)
  eden space 51712K, 100% used [0x00000000e0000000,0x00000000e3280000,0x00000000e3280000)
  from space 7168K, 0% used [0x00000000e3b80000,0x00000000e3b80000,0x00000000e4280000)
  to   space 8192K, 0% used [0x00000000e3280000,0x00000000e3280000,0x00000000e3a80000)
 ParOldGen       total 51200K, used 15729K [0x00000000a0000000, 0x00000000a3200000, 0x00000000e0000000)
  object space 51200K, 30% used [0x00000000a0000000,0x00000000a0f5c720,0x00000000a3200000)
 Metaspace       used 41581K, capacity 42590K, committed 42920K, reserved 1085440K
  class space    used 5663K, capacity 5965K, committed 6056K, reserved 1048576K
Event: 55.937 GC heap after
Heap after GC invocations=19 (full 2):
 PSYoungGen      total 59904K, used 7205K [0x00000000e0000000, 0x00000000e5180000, 0x0000000100000000)
  eden space 51712K, 0% used [0x00000000e0000000,0x00000000e0000000,0x00000000e3280000)
  from space 8192K, 87% used [0x00000000e3280000,0x00000000e39897d0,0x00000000e3a80000)
  to   space 9216K, 0% used [0x00000000e4880000,0x00000000e4880000,0x00000000e5180000)
 ParOldGen       total 51200K, used 15737K [0x00000000a0000000, 0x00000000a3200000, 0x00000000e0000000)
  object space 51200K, 30% used [0x00000000a0000000,0x00000000a0f5e720,0x00000000a3200000)
 Metaspace       used 41581K, capacity 42590K, committed 42920K, reserved 1085440K
  class space    used 5663K, capacity 5965K, committed 6056K, reserved 1048576K
}

