# JRE version: OpenJDK Runtime Environment (8.0_202-b03) (build 1.8.0_202-release-1483-b03)
# Java VM: OpenJDK 64-Bit Server VM (25.202-b03 mixed mode windows-amd64 compressed oops)
Heap:
 PSYoungGen      total 243200K, used 108559K [0x00000000e0000000, 0x00000000f4800000, 0x0000000100000000)
  eden space 179712K, 60% used [0x00000000e0000000,0x00000000e6a03ed8,0x00000000eaf80000)
  from space 63488K, 0% used [0x00000000ef400000,0x00000000ef400000,0x00000000f3200000)
  to   space 70144K, 0% used [0x00000000eaf80000,0x00000000eaf80000,0x00000000ef400000)
 ParOldGen       total 299008K, used 163294K [0x00000000a0000000, 0x00000000b2400000, 0x00000000e0000000)
  object space 299008K, 54% used [0x00000000a0000000,0x00000000a9f77a38,0x00000000b2400000)
 Metaspace       used 88920K, capacity 91914K, committed 92248K, reserved 1130496K
  class space    used 11387K, capacity 12073K, committed 12160K, reserved 1048576K
GC Heap History (10 events):
Event: 195.022 GC heap before
{Heap before GC invocations=31 (full 4):
 PSYoungGen      total 181248K, used 163342K [0x00000000e0000000, 0x00000000ee300000, 0x0000000100000000)
  eden space 135680K, 100% used [0x00000000e0000000,0x00000000e8480000,0x00000000e8480000)
  from space 45568K, 60% used [0x00000000eb200000,0x00000000ecd03a18,0x00000000ede80000)
  to   space 46592K, 0% used [0x00000000e8480000,0x00000000e8480000,0x00000000eb200000)
 ParOldGen       total 211968K, used 107563K [0x00000000a0000000, 0x00000000acf00000, 0x00000000e0000000)
  object space 211968K, 50% used [0x00000000a0000000,0x00000000a690ada8,0x00000000acf00000)
 Metaspace       used 79991K, capacity 82140K, committed 82392K, reserved 1120256K
  class space    used 10142K, capacity 10720K, committed 10752K, reserved 1048576K
Event: 195.083 GC heap after
Heap after GC invocations=31 (full 4):
 PSYoungGen      total 182272K, used 46572K [0x00000000e0000000, 0x00000000f0b00000, 0x0000000100000000)
  eden space 135680K, 0% used [0x00000000e0000000,0x00000000e0000000,0x00000000e8480000)
  from space 46592K, 99% used [0x00000000e8480000,0x00000000eb1fb2c0,0x00000000eb200000)
  to   space 56832K, 0% used [0x00000000ed380000,0x00000000ed380000,0x00000000f0b00000)
 ParOldGen       total 211968K, used 115392K [0x00000000a0000000, 0x00000000acf00000, 0x00000000e0000000)
  object space 211968K, 54% used [0x00000000a0000000,0x00000000a70b0118,0x00000000acf00000)
 Metaspace       used 79991K, capacity 82140K, committed 82392K, reserved 1120256K
  class space    used 10142K, capacity 10720K, committed 10752K, reserved 1048576K
}
Event: 201.711 GC heap before
{Heap before GC invocations=32 (full 4):
 PSYoungGen      total 182272K, used 182157K [0x00000000e0000000, 0x00000000f0b00000, 0x0000000100000000)
  eden space 135680K, 99% used [0x00000000e0000000,0x00000000e8468388,0x00000000e8480000)
  from space 46592K, 99% used [0x00000000e8480000,0x00000000eb1fb2c0,0x00000000eb200000)
  to   space 56832K, 0% used [0x00000000ed380000,0x00000000ed380000,0x00000000f0b00000)
 ParOldGen       total 211968K, used 115392K [0x00000000a0000000, 0x00000000acf00000, 0x00000000e0000000)
  object space 211968K, 54% used [0x00000000a0000000,0x00000000a70b0118,0x00000000acf00000)
 Metaspace       used 87407K, capacity 90416K, committed 90584K, reserved 1128448K
  class space    used 11236K, capacity 11920K, committed 12032K, reserved 1048576K
Event: 201.795 GC heap after
Heap after GC invocations=32 (full 4):
 PSYoungGen      total 212480K, used 13386K [0x00000000e0000000, 0x00000000f0700000, 0x0000000100000000)
  eden space 159744K, 0% used [0x00000000e0000000,0x00000000e0000000,0x00000000e9c00000)
  from space 52736K, 25% used [0x00000000ed380000,0x00000000ee092870,0x00000000f0700000)
  to   space 54784K, 0% used [0x00000000e9c00000,0x00000000e9c00000,0x00000000ed180000)
 ParOldGen       total 211968K, used 161836K [0x00000000a0000000, 0x00000000acf00000, 0x00000000e0000000)
  object space 211968K, 76% used [0x00000000a0000000,0x00000000a9e0b2e8,0x00000000acf00000)
 Metaspace       used 87407K, capacity 90416K, committed 90584K, reserved 1128448K
  class space    used 11236K, capacity 11920K, committed 12032K, reserved 1048576K
}
Event: 211.911 GC heap before
{Heap before GC invocations=33 (full 4):
 PSYoungGen      total 212480K, used 173130K [0x00000000e0000000, 0x00000000f0700000, 0x0000000100000000)
  eden space 159744K, 100% used [0x00000000e0000000,0x00000000e9c00000,0x00000000e9c00000)
  from space 52736K, 25% used [0x00000000ed380000,0x00000000ee092870,0x00000000f0700000)
  to   space 54784K, 0% used [0x00000000e9c00000,0x00000000e9c00000,0x00000000ed180000)
 ParOldGen       total 211968K, used 161836K [0x00000000a0000000, 0x00000000acf00000, 0x00000000e0000000)
  object space 211968K, 76% used [0x00000000a0000000,0x00000000a9e0b2e8,0x00000000acf00000)
 Metaspace       used 88391K, capacity 91456K, committed 91736K, reserved 1128448K
  class space    used 11370K, capacity 12052K, committed 12160K, reserved 1048576K
Event: 211.973 GC heap after
Heap after GC invocations=33 (full 4):
 PSYoungGen      total 214528K, used 53593K [0x00000000e0000000, 0x00000000f3200000, 0x0000000100000000)
  eden space 159744K, 0% used [0x00000000e0000000,0x00000000e0000000,0x00000000e9c00000)
  from space 54784K, 97% used [0x00000000e9c00000,0x00000000ed0567d8,0x00000000ed180000)
  to   space 63488K, 0% used [0x00000000ef400000,0x00000000ef400000,0x00000000f3200000)
 ParOldGen       total 211968K, used 166282K [0x00000000a0000000, 0x00000000acf00000, 0x00000000e0000000)
  object space 211968K, 78% used [0x00000000a0000000,0x00000000aa262a30,0x00000000acf00000)
 Metaspace       used 88391K, capacity 91456K, committed 91736K, reserved 1128448K
  class space    used 11370K, capacity 12052K, committed 12160K, reserved 1048576K
}
Event: 213.949 GC heap before
{Heap before GC invocations=34 (full 4):
 PSYoungGen      total 214528K, used 213337K [0x00000000e0000000, 0x00000000f3200000, 0x0000000100000000)
  eden space 159744K, 100% used [0x00000000e0000000,0x00000000e9c00000,0x00000000e9c00000)
  from space 54784K, 97% used [0x00000000e9c00000,0x00000000ed0567d8,0x00000000ed180000)
  to   space 63488K, 0% used [0x00000000ef400000,0x00000000ef400000,0x00000000f3200000)
 ParOldGen       total 211968K, used 166282K [0x00000000a0000000, 0x00000000acf00000, 0x00000000e0000000)
  object space 211968K, 78% used [0x00000000a0000000,0x00000000aa262a30,0x00000000acf00000)
 Metaspace       used 88639K, capacity 91766K, committed 91992K, reserved 1128448K
  class space    used 11374K, capacity 12053K, committed 12160K, reserved 1048576K
Event: 214.113 GC heap after
Heap after GC invocations=34 (full 4):
 PSYoungGen      total 243200K, used 52132K [0x00000000e0000000, 0x00000000f4800000, 0x0000000100000000)
  eden space 179712K, 0% used [0x00000000e0000000,0x00000000e0000000,0x00000000eaf80000)
  from space 63488K, 82% used [0x00000000ef400000,0x00000000f26e9038,0x00000000f3200000)
  to   space 70144K, 0% used [0x00000000eaf80000,0x00000000eaf80000,0x00000000ef400000)
 ParOldGen       total 211968K, used 207479K [0x00000000a0000000, 0x00000000acf00000, 0x00000000e0000000)
  object space 211968K, 97% used [0x00000000a0000000,0x00000000aca9de80,0x00000000acf00000)
 Metaspace       used 88639K, capacity 91766K, committed 91992K, reserved 1128448K
  class space    used 11374K, capacity 12053K, committed 12160K, reserved 1048576K
}
Event: 214.113 GC heap before
{Heap before GC invocations=35 (full 5):
 PSYoungGen      total 243200K, used 52132K [0x00000000e0000000, 0x00000000f4800000, 0x0000000100000000)
  eden space 179712K, 0% used [0x00000000e0000000,0x00000000e0000000,0x00000000eaf80000)
  from space 63488K, 82% used [0x00000000ef400000,0x00000000f26e9038,0x00000000f3200000)
  to   space 70144K, 0% used [0x00000000eaf80000,0x00000000eaf80000,0x00000000ef400000)
 ParOldGen       total 211968K, used 207479K [0x00000000a0000000, 0x00000000acf00000, 0x00000000e0000000)
  object space 211968K, 97% used [0x00000000a0000000,0x00000000aca9de80,0x00000000acf00000)
 Metaspace       used 88639K, capacity 91766K, committed 91992K, reserved 1128448K
  class space    used 11374K, capacity 12053K, committed 12160K, reserved 1048576K
Event: 214.977 GC heap after
Heap after GC invocations=35 (full 5):
 PSYoungGen      total 243200K, used 0K [0x00000000e0000000, 0x00000000f4800000, 0x0000000100000000)
  eden space 179712K, 0% used [0x00000000e0000000,0x00000000e0000000,0x00000000eaf80000)
  from space 63488K, 0% used [0x00000000ef400000,0x00000000ef400000,0x00000000f3200000)
  to   space 70144K, 0% used [0x00000000eaf80000,0x00000000eaf80000,0x00000000ef400000)
 ParOldGen       total 299008K, used 163294K [0x00000000a0000000, 0x00000000b2400000, 0x00000000e0000000)
  object space 299008K, 54% used [0x00000000a0000000,0x00000000a9f77a38,0x00000000b2400000)
 Metaspace       used 88528K, capacity 91476K, committed 91992K, reserved 1128448K
  class space    used 11335K, capacity 11984K, committed 12160K, reserved 1048576K
}

