# JRE version: OpenJDK Runtime Environment (8.0_202-b03) (build 1.8.0_202-release-1483-b03)
# Java VM: OpenJDK 64-Bit Server VM (25.202-b03 mixed mode windows-amd64 compressed oops)
Heap:
 PSYoungGen      total 163328K, used 144308K [0x00000000e0000000, 0x00000000eae80000, 0x0000000100000000)
  eden space 148992K, 87% used [0x00000000e0000000,0x00000000e7eee3a8,0x00000000e9180000)
  from space 14336K, 99% used [0x00000000e9180000,0x00000000e9f7ecf8,0x00000000e9f80000)
  to   space 12288K, 0% used [0x00000000e9f80000,0x00000000e9f80000,0x00000000eab80000)
 ParOldGen       total 78336K, used 23595K [0x00000000a0000000, 0x00000000a4c80000, 0x00000000e0000000)
  object space 78336K, 30% used [0x00000000a0000000,0x00000000a170ad00,0x00000000a4c80000)
 Metaspace       used 56806K, capacity 58476K, committed 58664K, reserved 1099776K
  class space    used 7745K, capacity 8208K, committed 8232K, reserved 1048576K
GC Heap History (10 events):
Event: 2.954 GC heap before
{Heap before GC invocations=7 (full 1):
 PSYoungGen      total 108032K, used 8208K [0x00000000e0000000, 0x00000000e7500000, 0x0000000100000000)
  eden space 97792K, 0% used [0x00000000e0000000,0x00000000e0000000,0x00000000e5f80000)
  from space 10240K, 80% used [0x00000000e6a00000,0x00000000e72042c0,0x00000000e7400000)
  to   space 10752K, 0% used [0x00000000e5f80000,0x00000000e5f80000,0x00000000e6a00000)
 ParOldGen       total 65536K, used 8641K [0x00000000a0000000, 0x00000000a4000000, 0x00000000e0000000)
  object space 65536K, 13% used [0x00000000a0000000,0x00000000a08707e8,0x00000000a4000000)
 Metaspace       used 20682K, capacity 21158K, committed 21296K, reserved 1067008K
  class space    used 2954K, capacity 3123K, committed 3200K, reserved 1048576K
Event: 3.000 GC heap after
Heap after GC invocations=7 (full 1):
 PSYoungGen      total 108032K, used 0K [0x00000000e0000000, 0x00000000e7500000, 0x0000000100000000)
  eden space 97792K, 0% used [0x00000000e0000000,0x00000000e0000000,0x00000000e5f80000)
  from space 10240K, 0% used [0x00000000e6a00000,0x00000000e6a00000,0x00000000e7400000)
  to   space 10752K, 0% used [0x00000000e5f80000,0x00000000e5f80000,0x00000000e6a00000)
 ParOldGen       total 49664K, used 9728K [0x00000000a0000000, 0x00000000a3080000, 0x00000000e0000000)
  object space 49664K, 19% used [0x00000000a0000000,0x00000000a09802d0,0x00000000a3080000)
 Metaspace       used 20682K, capacity 21158K, committed 21296K, reserved 1067008K
  class space    used 2954K, capacity 3123K, committed 3200K, reserved 1048576K
}
Event: 4.338 GC heap before
{Heap before GC invocations=8 (full 1):
 PSYoungGen      total 108032K, used 97792K [0x00000000e0000000, 0x00000000e7500000, 0x0000000100000000)
  eden space 97792K, 100% used [0x00000000e0000000,0x00000000e5f80000,0x00000000e5f80000)
  from space 10240K, 0% used [0x00000000e6a00000,0x00000000e6a00000,0x00000000e7400000)
  to   space 10752K, 0% used [0x00000000e5f80000,0x00000000e5f80000,0x00000000e6a00000)
 ParOldGen       total 49664K, used 9728K [0x00000000a0000000, 0x00000000a3080000, 0x00000000e0000000)
  object space 49664K, 19% used [0x00000000a0000000,0x00000000a09802d0,0x00000000a3080000)
 Metaspace       used 30146K, capacity 30814K, committed 30976K, reserved 1075200K
  class space    used 4100K, capacity 4304K, committed 4352K, reserved 1048576K
Event: 4.348 GC heap after
Heap after GC invocations=8 (full 1):
 PSYoungGen      total 108544K, used 10349K [0x00000000e0000000, 0x00000000eab80000, 0x0000000100000000)
  eden space 97792K, 0% used [0x00000000e0000000,0x00000000e0000000,0x00000000e5f80000)
  from space 10752K, 96% used [0x00000000e5f80000,0x00000000e699b5a0,0x00000000e6a00000)
  to   space 12288K, 0% used [0x00000000e9f80000,0x00000000e9f80000,0x00000000eab80000)
 ParOldGen       total 49664K, used 9736K [0x00000000a0000000, 0x00000000a3080000, 0x00000000e0000000)
  object space 49664K, 19% used [0x00000000a0000000,0x00000000a09822d0,0x00000000a3080000)
 Metaspace       used 30146K, capacity 30814K, committed 30976K, reserved 1075200K
  class space    used 4100K, capacity 4304K, committed 4352K, reserved 1048576K
}
Event: 5.519 GC heap before
{Heap before GC invocations=9 (full 1):
 PSYoungGen      total 108544K, used 102152K [0x00000000e0000000, 0x00000000eab80000, 0x0000000100000000)
  eden space 97792K, 93% used [0x00000000e0000000,0x00000000e59a6de0,0x00000000e5f80000)
  from space 10752K, 96% used [0x00000000e5f80000,0x00000000e699b5a0,0x00000000e6a00000)
  to   space 12288K, 0% used [0x00000000e9f80000,0x00000000e9f80000,0x00000000eab80000)
 ParOldGen       total 49664K, used 9736K [0x00000000a0000000, 0x00000000a3080000, 0x00000000e0000000)
  object space 49664K, 19% used [0x00000000a0000000,0x00000000a09822d0,0x00000000a3080000)
 Metaspace       used 34628K, capacity 35470K, committed 35496K, reserved 1079296K
  class space    used 4778K, capacity 5025K, committed 5032K, reserved 1048576K
Event: 5.538 GC heap after
Heap after GC invocations=9 (full 1):
 PSYoungGen      total 161280K, used 12277K [0x00000000e0000000, 0x00000000eae80000, 0x0000000100000000)
  eden space 148992K, 0% used [0x00000000e0000000,0x00000000e0000000,0x00000000e9180000)
  from space 12288K, 99% used [0x00000000e9f80000,0x00000000eab7d5f0,0x00000000eab80000)
  to   space 14336K, 0% used [0x00000000e9180000,0x00000000e9180000,0x00000000e9f80000)
 ParOldGen       total 49664K, used 10037K [0x00000000a0000000, 0x00000000a3080000, 0x00000000e0000000)
  object space 49664K, 20% used [0x00000000a0000000,0x00000000a09cd520,0x00000000a3080000)
 Metaspace       used 34628K, capacity 35470K, committed 35496K, reserved 1079296K
  class space    used 4778K, capacity 5025K, committed 5032K, reserved 1048576K
}
Event: 5.538 GC heap before
{Heap before GC invocations=10 (full 2):
 PSYoungGen      total 161280K, used 12277K [0x00000000e0000000, 0x00000000eae80000, 0x0000000100000000)
  eden space 148992K, 0% used [0x00000000e0000000,0x00000000e0000000,0x00000000e9180000)
  from space 12288K, 99% used [0x00000000e9f80000,0x00000000eab7d5f0,0x00000000eab80000)
  to   space 14336K, 0% used [0x00000000e9180000,0x00000000e9180000,0x00000000e9f80000)
 ParOldGen       total 49664K, used 10037K [0x00000000a0000000, 0x00000000a3080000, 0x00000000e0000000)
  object space 49664K, 20% used [0x00000000a0000000,0x00000000a09cd520,0x00000000a3080000)
 Metaspace       used 34628K, capacity 35470K, committed 35496K, reserved 1079296K
  class space    used 4778K, capacity 5025K, committed 5032K, reserved 1048576K
Event: 5.611 GC heap after
Heap after GC invocations=10 (full 2):
 PSYoungGen      total 161280K, used 0K [0x00000000e0000000, 0x00000000eae80000, 0x0000000100000000)
  eden space 148992K, 0% used [0x00000000e0000000,0x00000000e0000000,0x00000000e9180000)
  from space 12288K, 0% used [0x00000000e9f80000,0x00000000e9f80000,0x00000000eab80000)
  to   space 14336K, 0% used [0x00000000e9180000,0x00000000e9180000,0x00000000e9f80000)
 ParOldGen       total 78336K, used 19363K [0x00000000a0000000, 0x00000000a4c80000, 0x00000000e0000000)
  object space 78336K, 24% used [0x00000000a0000000,0x00000000a12e8d28,0x00000000a4c80000)
 Metaspace       used 34619K, capacity 35440K, committed 35496K, reserved 1079296K
  class space    used 4775K, capacity 5020K, committed 5032K, reserved 1048576K
}
Event: 8.178 GC heap before
{Heap before GC invocations=11 (full 2):
 PSYoungGen      total 161280K, used 148992K [0x00000000e0000000, 0x00000000eae80000, 0x0000000100000000)
  eden space 148992K, 100% used [0x00000000e0000000,0x00000000e9180000,0x00000000e9180000)
  from space 12288K, 0% used [0x00000000e9f80000,0x00000000e9f80000,0x00000000eab80000)
  to   space 14336K, 0% used [0x00000000e9180000,0x00000000e9180000,0x00000000e9f80000)
 ParOldGen       total 78336K, used 19363K [0x00000000a0000000, 0x00000000a4c80000, 0x00000000e0000000)
  object space 78336K, 24% used [0x00000000a0000000,0x00000000a12e8d28,0x00000000a4c80000)
 Metaspace       used 48379K, capacity 49788K, committed 50088K, reserved 1091584K
  class space    used 6537K, capacity 6957K, committed 7080K, reserved 1048576K
Event: 8.229 GC heap after
Heap after GC invocations=11 (full 2):
 PSYoungGen      total 163328K, used 14331K [0x00000000e0000000, 0x00000000eae80000, 0x0000000100000000)
  eden space 148992K, 0% used [0x00000000e0000000,0x00000000e0000000,0x00000000e9180000)
  from space 14336K, 99% used [0x00000000e9180000,0x00000000e9f7ecf8,0x00000000e9f80000)
  to   space 12288K, 0% used [0x00000000e9f80000,0x00000000e9f80000,0x00000000eab80000)
 ParOldGen       total 78336K, used 23595K [0x00000000a0000000, 0x00000000a4c80000, 0x00000000e0000000)
  object space 78336K, 30% used [0x00000000a0000000,0x00000000a170ad00,0x00000000a4c80000)
 Metaspace       used 48379K, capacity 49788K, committed 50088K, reserved 1091584K
  class space    used 6537K, capacity 6957K, committed 7080K, reserved 1048576K
}

