# JRE version: OpenJDK Runtime Environment (8.0_202-b03) (build 1.8.0_202-release-1483-b03)
# Java VM: OpenJDK 64-Bit Server VM (25.202-b03 mixed mode windows-amd64 compressed oops)
Heap:
 PSYoungGen      total 387072K, used 148859K [0x00000000e0000000, 0x0000000100000000, 0x0000000100000000)
  eden space 253952K, 49% used [0x00000000e0000000,0x00000000e7a523e8,0x00000000ef800000)
  from space 133120K, 17% used [0x00000000f7580000,0x00000000f8c8c970,0x00000000ff780000)
  to   space 128512K, 0% used [0x00000000ef800000,0x00000000ef800000,0x00000000f7580000)
 ParOldGen       total 299520K, used 155121K [0x00000000a0000000, 0x00000000b2480000, 0x00000000e0000000)
  object space 299520K, 51% used [0x00000000a0000000,0x00000000a977c4c0,0x00000000b2480000)
 Metaspace       used 96974K, capacity 102766K, committed 114520K, reserved 1146880K
  class space    used 12328K, capacity 13345K, committed 17024K, reserved 1048576K
GC Heap History (10 events):
Event: 9071.918 GC heap before
{Heap before GC invocations=114 (full 13):
 PSYoungGen      total 374272K, used 279441K [0x00000000e0000000, 0x00000000fec80000, 0x0000000100000000)
  eden space 250368K, 100% used [0x00000000e0000000,0x00000000ef480000,0x00000000ef480000)
  from space 123904K, 23% used [0x00000000f7380000,0x00000000f8fe45d0,0x00000000fec80000)
  to   space 126976K, 0% used [0x00000000ef480000,0x00000000ef480000,0x00000000f7080000)
 ParOldGen       total 236032K, used 89050K [0x00000000a0000000, 0x00000000ae680000, 0x00000000e0000000)
  object space 236032K, 37% used [0x00000000a0000000,0x00000000a56f6970,0x00000000ae680000)
 Metaspace       used 100988K, capacity 105608K, committed 112344K, reserved 1144832K
  class space    used 12701K, capacity 13552K, committed 16640K, reserved 1048576K
Event: 9072.018 GC heap after
Heap after GC invocations=114 (full 13):
 PSYoungGen      total 377344K, used 91052K [0x00000000e0000000, 0x0000000100000000, 0x0000000100000000)
  eden space 250368K, 0% used [0x00000000e0000000,0x00000000e0000000,0x00000000ef480000)
  from space 126976K, 71% used [0x00000000ef480000,0x00000000f4d6b0d8,0x00000000f7080000)
  to   space 136704K, 0% used [0x00000000f7a80000,0x00000000f7a80000,0x0000000100000000)
 ParOldGen       total 236032K, used 111675K [0x00000000a0000000, 0x00000000ae680000, 0x00000000e0000000)
  object space 236032K, 47% used [0x00000000a0000000,0x00000000a6d0eef0,0x00000000ae680000)
 Metaspace       used 100988K, capacity 105608K, committed 112344K, reserved 1144832K
  class space    used 12701K, capacity 13552K, committed 16640K, reserved 1048576K
}
Event: 9073.206 GC heap before
{Heap before GC invocations=115 (full 13):
 PSYoungGen      total 377344K, used 341420K [0x00000000e0000000, 0x0000000100000000, 0x0000000100000000)
  eden space 250368K, 100% used [0x00000000e0000000,0x00000000ef480000,0x00000000ef480000)
  from space 126976K, 71% used [0x00000000ef480000,0x00000000f4d6b0d8,0x00000000f7080000)
  to   space 136704K, 0% used [0x00000000f7a80000,0x00000000f7a80000,0x0000000100000000)
 ParOldGen       total 236032K, used 111675K [0x00000000a0000000, 0x00000000ae680000, 0x00000000e0000000)
  object space 236032K, 47% used [0x00000000a0000000,0x00000000a6d0eef0,0x00000000ae680000)
 Metaspace       used 101025K, capacity 105608K, committed 112344K, reserved 1144832K
  class space    used 12702K, capacity 13552K, committed 16640K, reserved 1048576K
Event: 9073.337 GC heap after
Heap after GC invocations=115 (full 13):
 PSYoungGen      total 384512K, used 74988K [0x00000000e0000000, 0x0000000100000000, 0x0000000100000000)
  eden space 247808K, 0% used [0x00000000e0000000,0x00000000e0000000,0x00000000ef200000)
  from space 136704K, 54% used [0x00000000f7a80000,0x00000000fc3bb348,0x0000000100000000)
  to   space 138240K, 0% used [0x00000000ef200000,0x00000000ef200000,0x00000000f7900000)
 ParOldGen       total 236032K, used 185554K [0x00000000a0000000, 0x00000000ae680000, 0x00000000e0000000)
  object space 236032K, 78% used [0x00000000a0000000,0x00000000ab534aa0,0x00000000ae680000)
 Metaspace       used 101025K, capacity 105608K, committed 112344K, reserved 1144832K
  class space    used 12702K, capacity 13552K, committed 16640K, reserved 1048576K
}
Event: 9073.337 GC heap before
{Heap before GC invocations=116 (full 14):
 PSYoungGen      total 384512K, used 74988K [0x00000000e0000000, 0x0000000100000000, 0x0000000100000000)
  eden space 247808K, 0% used [0x00000000e0000000,0x00000000e0000000,0x00000000ef200000)
  from space 136704K, 54% used [0x00000000f7a80000,0x00000000fc3bb348,0x0000000100000000)
  to   space 138240K, 0% used [0x00000000ef200000,0x00000000ef200000,0x00000000f7900000)
 ParOldGen       total 236032K, used 185554K [0x00000000a0000000, 0x00000000ae680000, 0x00000000e0000000)
  object space 236032K, 78% used [0x00000000a0000000,0x00000000ab534aa0,0x00000000ae680000)
 Metaspace       used 101025K, capacity 105608K, committed 112344K, reserved 1144832K
  class space    used 12702K, capacity 13552K, committed 16640K, reserved 1048576K
Event: 9073.938 GC heap after
Heap after GC invocations=116 (full 14):
 PSYoungGen      total 384512K, used 0K [0x00000000e0000000, 0x0000000100000000, 0x0000000100000000)
  eden space 247808K, 0% used [0x00000000e0000000,0x00000000e0000000,0x00000000ef200000)
  from space 136704K, 0% used [0x00000000f7a80000,0x00000000f7a80000,0x0000000100000000)
  to   space 138240K, 0% used [0x00000000ef200000,0x00000000ef200000,0x00000000f7900000)
 ParOldGen       total 299520K, used 137115K [0x00000000a0000000, 0x00000000b2480000, 0x00000000e0000000)
  object space 299520K, 45% used [0x00000000a0000000,0x00000000a85e6f78,0x00000000b2480000)
 Metaspace       used 95209K, capacity 99772K, committed 112344K, reserved 1144832K
  class space    used 12059K, capacity 12904K, committed 16640K, reserved 1048576K
}
Event: 9075.156 GC heap before
{Heap before GC invocations=117 (full 14):
 PSYoungGen      total 384512K, used 240138K [0x00000000e0000000, 0x0000000100000000, 0x0000000100000000)
  eden space 247808K, 96% used [0x00000000e0000000,0x00000000eea82be0,0x00000000ef200000)
  from space 136704K, 0% used [0x00000000f7a80000,0x00000000f7a80000,0x0000000100000000)
  to   space 138240K, 0% used [0x00000000ef200000,0x00000000ef200000,0x00000000f7900000)
 ParOldGen       total 299520K, used 137115K [0x00000000a0000000, 0x00000000b2480000, 0x00000000e0000000)
  object space 299520K, 45% used [0x00000000a0000000,0x00000000a85e6f78,0x00000000b2480000)
 Metaspace       used 95212K, capacity 99772K, committed 112344K, reserved 1144832K
  class space    used 12059K, capacity 12904K, committed 16640K, reserved 1048576K
Event: 9075.200 GC heap after
Heap after GC invocations=117 (full 14):
 PSYoungGen      total 277504K, used 29227K [0x00000000e0000000, 0x00000000ff780000, 0x0000000100000000)
  eden space 247808K, 0% used [0x00000000e0000000,0x00000000e0000000,0x00000000ef200000)
  from space 29696K, 98% used [0x00000000ef200000,0x00000000f0e8ac80,0x00000000f0f00000)
  to   space 133120K, 0% used [0x00000000f7580000,0x00000000f7580000,0x00000000ff780000)
 ParOldGen       total 299520K, used 137115K [0x00000000a0000000, 0x00000000b2480000, 0x00000000e0000000)
  object space 299520K, 45% used [0x00000000a0000000,0x00000000a85e6f78,0x00000000b2480000)
 Metaspace       used 95212K, capacity 99772K, committed 112344K, reserved 1144832K
  class space    used 12059K, capacity 12904K, committed 16640K, reserved 1048576K
}
Event: 15167.680 GC heap before
{Heap before GC invocations=118 (full 14):
 PSYoungGen      total 277504K, used 277035K [0x00000000e0000000, 0x00000000ff780000, 0x0000000100000000)
  eden space 247808K, 100% used [0x00000000e0000000,0x00000000ef200000,0x00000000ef200000)
  from space 29696K, 98% used [0x00000000ef200000,0x00000000f0e8ac80,0x00000000f0f00000)
  to   space 133120K, 0% used [0x00000000f7580000,0x00000000f7580000,0x00000000ff780000)
 ParOldGen       total 299520K, used 137115K [0x00000000a0000000, 0x00000000b2480000, 0x00000000e0000000)
  object space 299520K, 45% used [0x00000000a0000000,0x00000000a85e6f78,0x00000000b2480000)
 Metaspace       used 96708K, capacity 102508K, committed 114520K, reserved 1146880K
  class space    used 12303K, capacity 13308K, committed 17024K, reserved 1048576K
Event: 15167.729 GC heap after
Heap after GC invocations=118 (full 14):
 PSYoungGen      total 387072K, used 23602K [0x00000000e0000000, 0x0000000100000000, 0x0000000100000000)
  eden space 253952K, 0% used [0x00000000e0000000,0x00000000e0000000,0x00000000ef800000)
  from space 133120K, 17% used [0x00000000f7580000,0x00000000f8c8c970,0x00000000ff780000)
  to   space 128512K, 0% used [0x00000000ef800000,0x00000000ef800000,0x00000000f7580000)
 ParOldGen       total 299520K, used 155121K [0x00000000a0000000, 0x00000000b2480000, 0x00000000e0000000)
  object space 299520K, 51% used [0x00000000a0000000,0x00000000a977c4c0,0x00000000b2480000)
 Metaspace       used 96708K, capacity 102508K, committed 114520K, reserved 1146880K
  class space    used 12303K, capacity 13308K, committed 17024K, reserved 1048576K
}

