# JRE version: OpenJDK Runtime Environment (8.0_202-b03) (build 1.8.0_202-release-1483-b03)
# Java VM: OpenJDK 64-Bit Server VM (25.202-b03 mixed mode windows-amd64 compressed oops)
Heap:
 PSYoungGen      total 129024K, used 122452K [0x00000000e0000000, 0x00000000ea480000, 0x0000000100000000)
  eden space 97792K, 93% used [0x00000000e0000000,0x00000000e5916df8,0x00000000e5f80000)
  from space 31232K, 99% used [0x00000000e8600000,0x00000000ea47e3e0,0x00000000ea480000)
  to   space 25088K, 0% used [0x00000000e5f80000,0x00000000e5f80000,0x00000000e7800000)
 ParOldGen       total 114688K, used 81107K [0x00000000a0000000, 0x00000000a7000000, 0x00000000e0000000)
  object space 114688K, 70% used [0x00000000a0000000,0x00000000a4f34e00,0x00000000a7000000)
 Metaspace       used 76305K, capacity 78632K, committed 78888K, reserved 1118208K
  class space    used 9914K, capacity 10434K, committed 10536K, reserved 1048576K
GC Heap History (10 events):
Event: 41.412 GC heap before
{Heap before GC invocations=25 (full 3):
 PSYoungGen      total 101888K, used 101864K [0x00000000e0000000, 0x00000000e7d80000, 0x0000000100000000)
  eden space 88064K, 100% used [0x00000000e0000000,0x00000000e5600000,0x00000000e5600000)
  from space 13824K, 99% used [0x00000000e5600000,0x00000000e637a290,0x00000000e6380000)
  to   space 15872K, 0% used [0x00000000e6e00000,0x00000000e6e00000,0x00000000e7d80000)
 ParOldGen       total 114688K, used 32820K [0x00000000a0000000, 0x00000000a7000000, 0x00000000e0000000)
  object space 114688K, 28% used [0x00000000a0000000,0x00000000a200d2e0,0x00000000a7000000)
 Metaspace       used 65759K, capacity 67920K, committed 68008K, reserved 1107968K
  class space    used 8843K, capacity 9380K, committed 9384K, reserved 1048576K
Event: 41.442 GC heap after
Heap after GC invocations=25 (full 3):
 PSYoungGen      total 104960K, used 15840K [0x00000000e0000000, 0x00000000e8e80000, 0x0000000100000000)
  eden space 89088K, 0% used [0x00000000e0000000,0x00000000e0000000,0x00000000e5700000)
  from space 15872K, 99% used [0x00000000e6e00000,0x00000000e7d78158,0x00000000e7d80000)
  to   space 23552K, 0% used [0x00000000e5700000,0x00000000e5700000,0x00000000e6e00000)
 ParOldGen       total 114688K, used 46425K [0x00000000a0000000, 0x00000000a7000000, 0x00000000e0000000)
  object space 114688K, 40% used [0x00000000a0000000,0x00000000a2d56590,0x00000000a7000000)
 Metaspace       used 65759K, capacity 67920K, committed 68008K, reserved 1107968K
  class space    used 8843K, capacity 9380K, committed 9384K, reserved 1048576K
}
Event: 44.971 GC heap before
{Heap before GC invocations=26 (full 3):
 PSYoungGen      total 104960K, used 104928K [0x00000000e0000000, 0x00000000e8e80000, 0x0000000100000000)
  eden space 89088K, 100% used [0x00000000e0000000,0x00000000e5700000,0x00000000e5700000)
  from space 15872K, 99% used [0x00000000e6e00000,0x00000000e7d78158,0x00000000e7d80000)
  to   space 23552K, 0% used [0x00000000e5700000,0x00000000e5700000,0x00000000e6e00000)
 ParOldGen       total 114688K, used 46425K [0x00000000a0000000, 0x00000000a7000000, 0x00000000e0000000)
  object space 114688K, 40% used [0x00000000a0000000,0x00000000a2d56590,0x00000000a7000000)
 Metaspace       used 67032K, capacity 69222K, committed 69544K, reserved 1110016K
  class space    used 8979K, capacity 9537K, committed 9640K, reserved 1048576K
Event: 44.996 GC heap after
Heap after GC invocations=26 (full 3):
 PSYoungGen      total 112640K, used 15615K [0x00000000e0000000, 0x00000000e9080000, 0x0000000100000000)
  eden space 89088K, 0% used [0x00000000e0000000,0x00000000e0000000,0x00000000e5700000)
  from space 23552K, 66% used [0x00000000e5700000,0x00000000e663feb8,0x00000000e6e00000)
  to   space 24064K, 0% used [0x00000000e7900000,0x00000000e7900000,0x00000000e9080000)
 ParOldGen       total 114688K, used 51301K [0x00000000a0000000, 0x00000000a7000000, 0x00000000e0000000)
  object space 114688K, 44% used [0x00000000a0000000,0x00000000a3219620,0x00000000a7000000)
 Metaspace       used 67032K, capacity 69222K, committed 69544K, reserved 1110016K
  class space    used 8979K, capacity 9537K, committed 9640K, reserved 1048576K
}
Event: 76.024 GC heap before
{Heap before GC invocations=27 (full 3):
 PSYoungGen      total 112640K, used 104703K [0x00000000e0000000, 0x00000000e9080000, 0x0000000100000000)
  eden space 89088K, 100% used [0x00000000e0000000,0x00000000e5700000,0x00000000e5700000)
  from space 23552K, 66% used [0x00000000e5700000,0x00000000e663feb8,0x00000000e6e00000)
  to   space 24064K, 0% used [0x00000000e7900000,0x00000000e7900000,0x00000000e9080000)
 ParOldGen       total 114688K, used 51301K [0x00000000a0000000, 0x00000000a7000000, 0x00000000e0000000)
  object space 114688K, 44% used [0x00000000a0000000,0x00000000a3219620,0x00000000a7000000)
 Metaspace       used 68198K, capacity 70428K, committed 70696K, reserved 1110016K
  class space    used 9090K, capacity 9658K, committed 9768K, reserved 1048576K
Event: 76.051 GC heap after
Heap after GC invocations=27 (full 3):
 PSYoungGen      total 121856K, used 16348K [0x00000000e0000000, 0x00000000e9080000, 0x0000000100000000)
  eden space 97792K, 0% used [0x00000000e0000000,0x00000000e0000000,0x00000000e5f80000)
  from space 24064K, 67% used [0x00000000e7900000,0x00000000e88f7228,0x00000000e9080000)
  to   space 25088K, 0% used [0x00000000e5f80000,0x00000000e5f80000,0x00000000e7800000)
 ParOldGen       total 114688K, used 51309K [0x00000000a0000000, 0x00000000a7000000, 0x00000000e0000000)
  object space 114688K, 44% used [0x00000000a0000000,0x00000000a321b620,0x00000000a7000000)
 Metaspace       used 68198K, capacity 70428K, committed 70696K, reserved 1110016K
  class space    used 9090K, capacity 9658K, committed 9768K, reserved 1048576K
}
Event: 80.020 GC heap before
{Heap before GC invocations=28 (full 3):
 PSYoungGen      total 121856K, used 114076K [0x00000000e0000000, 0x00000000e9080000, 0x0000000100000000)
  eden space 97792K, 99% used [0x00000000e0000000,0x00000000e5f6fe30,0x00000000e5f80000)
  from space 24064K, 67% used [0x00000000e7900000,0x00000000e88f7228,0x00000000e9080000)
  to   space 25088K, 0% used [0x00000000e5f80000,0x00000000e5f80000,0x00000000e7800000)
 ParOldGen       total 114688K, used 51309K [0x00000000a0000000, 0x00000000a7000000, 0x00000000e0000000)
  object space 114688K, 44% used [0x00000000a0000000,0x00000000a321b620,0x00000000a7000000)
 Metaspace       used 73237K, capacity 75560K, committed 75816K, reserved 1114112K
  class space    used 9713K, capacity 10242K, committed 10280K, reserved 1048576K
Event: 80.061 GC heap after
Heap after GC invocations=28 (full 3):
 PSYoungGen      total 122880K, used 25082K [0x00000000e0000000, 0x00000000ea480000, 0x0000000100000000)
  eden space 97792K, 0% used [0x00000000e0000000,0x00000000e0000000,0x00000000e5f80000)
  from space 25088K, 99% used [0x00000000e5f80000,0x00000000e77feaa8,0x00000000e7800000)
  to   space 31232K, 0% used [0x00000000e8600000,0x00000000e8600000,0x00000000ea480000)
 ParOldGen       total 114688K, used 57213K [0x00000000a0000000, 0x00000000a7000000, 0x00000000e0000000)
  object space 114688K, 49% used [0x00000000a0000000,0x00000000a37df5c8,0x00000000a7000000)
 Metaspace       used 73237K, capacity 75560K, committed 75816K, reserved 1114112K
  class space    used 9713K, capacity 10242K, committed 10280K, reserved 1048576K
}
Event: 82.160 GC heap before
{Heap before GC invocations=29 (full 3):
 PSYoungGen      total 122880K, used 122874K [0x00000000e0000000, 0x00000000ea480000, 0x0000000100000000)
  eden space 97792K, 100% used [0x00000000e0000000,0x00000000e5f80000,0x00000000e5f80000)
  from space 25088K, 99% used [0x00000000e5f80000,0x00000000e77feaa8,0x00000000e7800000)
  to   space 31232K, 0% used [0x00000000e8600000,0x00000000e8600000,0x00000000ea480000)
 ParOldGen       total 114688K, used 57213K [0x00000000a0000000, 0x00000000a7000000, 0x00000000e0000000)
  object space 114688K, 49% used [0x00000000a0000000,0x00000000a37df5c8,0x00000000a7000000)
 Metaspace       used 75061K, capacity 77320K, committed 77480K, reserved 1116160K
  class space    used 9838K, capacity 10338K, committed 10408K, reserved 1048576K
Event: 82.246 GC heap after
Heap after GC invocations=29 (full 3):
 PSYoungGen      total 129024K, used 31224K [0x00000000e0000000, 0x00000000ea480000, 0x0000000100000000)
  eden space 97792K, 0% used [0x00000000e0000000,0x00000000e0000000,0x00000000e5f80000)
  from space 31232K, 99% used [0x00000000e8600000,0x00000000ea47e3e0,0x00000000ea480000)
  to   space 25088K, 0% used [0x00000000e5f80000,0x00000000e5f80000,0x00000000e7800000)
 ParOldGen       total 114688K, used 81107K [0x00000000a0000000, 0x00000000a7000000, 0x00000000e0000000)
  object space 114688K, 70% used [0x00000000a0000000,0x00000000a4f34e00,0x00000000a7000000)
 Metaspace       used 75061K, capacity 77320K, committed 77480K, reserved 1116160K
  class space    used 9838K, capacity 10338K, committed 10408K, reserved 1048576K
}

