# JRE version: OpenJDK Runtime Environment (8.0_202-b03) (build 1.8.0_202-release-1483-b03)
# Java VM: OpenJDK 64-Bit Server VM (25.202-b03 mixed mode windows-amd64 compressed oops)
Heap:
 PSYoungGen      total 159232K, used 142053K [0x00000000e0000000, 0x00000000eab80000, 0x0000000100000000)
  eden space 144896K, 88% used [0x00000000e0000000,0x00000000e7cbde90,0x00000000e8d80000)
  from space 14336K, 99% used [0x00000000e8d80000,0x00000000e9b7b658,0x00000000e9b80000)
  to   space 12288K, 0% used [0x00000000e9b80000,0x00000000e9b80000,0x00000000ea780000)
 ParOldGen       total 82944K, used 23519K [0x00000000a0000000, 0x00000000a5100000, 0x00000000e0000000)
  object space 82944K, 28% used [0x00000000a0000000,0x00000000a16f7cc8,0x00000000a5100000)
 Metaspace       used 56885K, capacity 58510K, committed 58664K, reserved 1099776K
  class space    used 7760K, capacity 8213K, committed 8232K, reserved 1048576K
GC Heap History (10 events):
Event: 3.024 GC heap before
{Heap before GC invocations=7 (full 1):
 PSYoungGen      total 108032K, used 8280K [0x00000000e0000000, 0x00000000e7500000, 0x0000000100000000)
  eden space 97792K, 0% used [0x00000000e0000000,0x00000000e0000000,0x00000000e5f80000)
  from space 10240K, 80% used [0x00000000e6a00000,0x00000000e72161d0,0x00000000e7400000)
  to   space 10752K, 0% used [0x00000000e5f80000,0x00000000e5f80000,0x00000000e6a00000)
 ParOldGen       total 65536K, used 8612K [0x00000000a0000000, 0x00000000a4000000, 0x00000000e0000000)
  object space 65536K, 13% used [0x00000000a0000000,0x00000000a0869330,0x00000000a4000000)
 Metaspace       used 20689K, capacity 21158K, committed 21296K, reserved 1067008K
  class space    used 2954K, capacity 3123K, committed 3200K, reserved 1048576K
Event: 3.076 GC heap after
Heap after GC invocations=7 (full 1):
 PSYoungGen      total 108032K, used 0K [0x00000000e0000000, 0x00000000e7500000, 0x0000000100000000)
  eden space 97792K, 0% used [0x00000000e0000000,0x00000000e0000000,0x00000000e5f80000)
  from space 10240K, 0% used [0x00000000e6a00000,0x00000000e6a00000,0x00000000e7400000)
  to   space 10752K, 0% used [0x00000000e5f80000,0x00000000e5f80000,0x00000000e6a00000)
 ParOldGen       total 51200K, used 9733K [0x00000000a0000000, 0x00000000a3200000, 0x00000000e0000000)
  object space 51200K, 19% used [0x00000000a0000000,0x00000000a0981630,0x00000000a3200000)
 Metaspace       used 20689K, capacity 21158K, committed 21296K, reserved 1067008K
  class space    used 2954K, capacity 3123K, committed 3200K, reserved 1048576K
}
Event: 4.564 GC heap before
{Heap before GC invocations=8 (full 1):
 PSYoungGen      total 108032K, used 97792K [0x00000000e0000000, 0x00000000e7500000, 0x0000000100000000)
  eden space 97792K, 100% used [0x00000000e0000000,0x00000000e5f80000,0x00000000e5f80000)
  from space 10240K, 0% used [0x00000000e6a00000,0x00000000e6a00000,0x00000000e7400000)
  to   space 10752K, 0% used [0x00000000e5f80000,0x00000000e5f80000,0x00000000e6a00000)
 ParOldGen       total 51200K, used 9733K [0x00000000a0000000, 0x00000000a3200000, 0x00000000e0000000)
  object space 51200K, 19% used [0x00000000a0000000,0x00000000a0981630,0x00000000a3200000)
 Metaspace       used 30186K, capacity 30814K, committed 30976K, reserved 1075200K
  class space    used 4105K, capacity 4304K, committed 4352K, reserved 1048576K
Event: 4.576 GC heap after
Heap after GC invocations=8 (full 1):
 PSYoungGen      total 108544K, used 10394K [0x00000000e0000000, 0x00000000ea780000, 0x0000000100000000)
  eden space 97792K, 0% used [0x00000000e0000000,0x00000000e0000000,0x00000000e5f80000)
  from space 10752K, 96% used [0x00000000e5f80000,0x00000000e69a6a50,0x00000000e6a00000)
  to   space 12288K, 0% used [0x00000000e9b80000,0x00000000e9b80000,0x00000000ea780000)
 ParOldGen       total 51200K, used 9741K [0x00000000a0000000, 0x00000000a3200000, 0x00000000e0000000)
  object space 51200K, 19% used [0x00000000a0000000,0x00000000a0983630,0x00000000a3200000)
 Metaspace       used 30186K, capacity 30814K, committed 30976K, reserved 1075200K
  class space    used 4105K, capacity 4304K, committed 4352K, reserved 1048576K
}
Event: 5.819 GC heap before
{Heap before GC invocations=9 (full 1):
 PSYoungGen      total 108544K, used 100539K [0x00000000e0000000, 0x00000000ea780000, 0x0000000100000000)
  eden space 97792K, 92% used [0x00000000e0000000,0x00000000e58084b8,0x00000000e5f80000)
  from space 10752K, 96% used [0x00000000e5f80000,0x00000000e69a6a50,0x00000000e6a00000)
  to   space 12288K, 0% used [0x00000000e9b80000,0x00000000e9b80000,0x00000000ea780000)
 ParOldGen       total 51200K, used 9741K [0x00000000a0000000, 0x00000000a3200000, 0x00000000e0000000)
  object space 51200K, 19% used [0x00000000a0000000,0x00000000a0983630,0x00000000a3200000)
 Metaspace       used 34670K, capacity 35472K, committed 35496K, reserved 1079296K
  class space    used 4780K, capacity 5026K, committed 5032K, reserved 1048576K
Event: 5.841 GC heap after
Heap after GC invocations=9 (full 1):
 PSYoungGen      total 157184K, used 12269K [0x00000000e0000000, 0x00000000eab80000, 0x0000000100000000)
  eden space 144896K, 0% used [0x00000000e0000000,0x00000000e0000000,0x00000000e8d80000)
  from space 12288K, 99% used [0x00000000e9b80000,0x00000000ea77b6e0,0x00000000ea780000)
  to   space 14336K, 0% used [0x00000000e8d80000,0x00000000e8d80000,0x00000000e9b80000)
 ParOldGen       total 51200K, used 10034K [0x00000000a0000000, 0x00000000a3200000, 0x00000000e0000000)
  object space 51200K, 19% used [0x00000000a0000000,0x00000000a09cc988,0x00000000a3200000)
 Metaspace       used 34670K, capacity 35472K, committed 35496K, reserved 1079296K
  class space    used 4780K, capacity 5026K, committed 5032K, reserved 1048576K
}
Event: 5.841 GC heap before
{Heap before GC invocations=10 (full 2):
 PSYoungGen      total 157184K, used 12269K [0x00000000e0000000, 0x00000000eab80000, 0x0000000100000000)
  eden space 144896K, 0% used [0x00000000e0000000,0x00000000e0000000,0x00000000e8d80000)
  from space 12288K, 99% used [0x00000000e9b80000,0x00000000ea77b6e0,0x00000000ea780000)
  to   space 14336K, 0% used [0x00000000e8d80000,0x00000000e8d80000,0x00000000e9b80000)
 ParOldGen       total 51200K, used 10034K [0x00000000a0000000, 0x00000000a3200000, 0x00000000e0000000)
  object space 51200K, 19% used [0x00000000a0000000,0x00000000a09cc988,0x00000000a3200000)
 Metaspace       used 34670K, capacity 35472K, committed 35496K, reserved 1079296K
  class space    used 4780K, capacity 5026K, committed 5032K, reserved 1048576K
Event: 5.943 GC heap after
Heap after GC invocations=10 (full 2):
 PSYoungGen      total 157184K, used 0K [0x00000000e0000000, 0x00000000eab80000, 0x0000000100000000)
  eden space 144896K, 0% used [0x00000000e0000000,0x00000000e0000000,0x00000000e8d80000)
  from space 12288K, 0% used [0x00000000e9b80000,0x00000000e9b80000,0x00000000ea780000)
  to   space 14336K, 0% used [0x00000000e8d80000,0x00000000e8d80000,0x00000000e9b80000)
 ParOldGen       total 82944K, used 19311K [0x00000000a0000000, 0x00000000a5100000, 0x00000000e0000000)
  object space 82944K, 23% used [0x00000000a0000000,0x00000000a12dbe48,0x00000000a5100000)
 Metaspace       used 34659K, capacity 35436K, committed 35496K, reserved 1079296K
  class space    used 4777K, capacity 5020K, committed 5032K, reserved 1048576K
}
Event: 8.301 GC heap before
{Heap before GC invocations=11 (full 2):
 PSYoungGen      total 157184K, used 144896K [0x00000000e0000000, 0x00000000eab80000, 0x0000000100000000)
  eden space 144896K, 100% used [0x00000000e0000000,0x00000000e8d80000,0x00000000e8d80000)
  from space 12288K, 0% used [0x00000000e9b80000,0x00000000e9b80000,0x00000000ea780000)
  to   space 14336K, 0% used [0x00000000e8d80000,0x00000000e8d80000,0x00000000e9b80000)
 ParOldGen       total 82944K, used 19311K [0x00000000a0000000, 0x00000000a5100000, 0x00000000e0000000)
  object space 82944K, 23% used [0x00000000a0000000,0x00000000a12dbe48,0x00000000a5100000)
 Metaspace       used 48357K, capacity 49784K, committed 50088K, reserved 1091584K
  class space    used 6536K, capacity 6957K, committed 7080K, reserved 1048576K
Event: 8.339 GC heap after
Heap after GC invocations=11 (full 2):
 PSYoungGen      total 159232K, used 14317K [0x00000000e0000000, 0x00000000eab80000, 0x0000000100000000)
  eden space 144896K, 0% used [0x00000000e0000000,0x00000000e0000000,0x00000000e8d80000)
  from space 14336K, 99% used [0x00000000e8d80000,0x00000000e9b7b658,0x00000000e9b80000)
  to   space 12288K, 0% used [0x00000000e9b80000,0x00000000e9b80000,0x00000000ea780000)
 ParOldGen       total 82944K, used 23519K [0x00000000a0000000, 0x00000000a5100000, 0x00000000e0000000)
  object space 82944K, 28% used [0x00000000a0000000,0x00000000a16f7cc8,0x00000000a5100000)
 Metaspace       used 48357K, capacity 49784K, committed 50088K, reserved 1091584K
  class space    used 6536K, capacity 6957K, committed 7080K, reserved 1048576K
}

