# JRE version: OpenJDK Runtime Environment (8.0_202-b03) (build 1.8.0_202-release-1483-b03)
# Java VM: OpenJDK 64-Bit Server VM (25.202-b03 mixed mode windows-amd64 compressed oops)
Heap:
 PSYoungGen      total 355328K, used 220537K [0x00000000e0000000, 0x00000000fa800000, 0x0000000100000000)
  eden space 292864K, 72% used [0x00000000e0000000,0x00000000ed0a2330,0x00000000f1e00000)
  from space 62464K, 11% used [0x00000000f6b00000,0x00000000f71bc3e0,0x00000000fa800000)
  to   space 70656K, 0% used [0x00000000f1e00000,0x00000000f1e00000,0x00000000f6300000)
 ParOldGen       total 256512K, used 108751K [0x00000000a0000000, 0x00000000afa80000, 0x00000000e0000000)
  object space 256512K, 42% used [0x00000000a0000000,0x00000000a6a33ed8,0x00000000afa80000)
 Metaspace       used 96340K, capacity 99786K, committed 100008K, reserved 1136640K
  class space    used 12359K, capacity 13107K, committed 13224K, reserved 1048576K
GC Heap History (10 events):
Event: 120.581 GC heap before
{Heap before GC invocations=25 (full 4):
 PSYoungGen      total 257024K, used 225400K [0x00000000e0000000, 0x00000000f3b00000, 0x0000000100000000)
  eden space 204800K, 99% used [0x00000000e0000000,0x00000000ec7f9c20,0x00000000ec800000)
  from space 52224K, 39% used [0x00000000f0800000,0x00000000f1c24748,0x00000000f3b00000)
  to   space 58880K, 0% used [0x00000000ec800000,0x00000000ec800000,0x00000000f0180000)
 ParOldGen       total 241664K, used 166329K [0x00000000a0000000, 0x00000000aec00000, 0x00000000e0000000)
  object space 241664K, 68% used [0x00000000a0000000,0x00000000aa26e6b8,0x00000000aec00000)
 Metaspace       used 88799K, capacity 91988K, committed 92200K, reserved 1128448K
  class space    used 11595K, capacity 12300K, committed 12328K, reserved 1048576K
Event: 120.752 GC heap after
Heap after GC invocations=25 (full 4):
 PSYoungGen      total 263680K, used 58857K [0x00000000e0000000, 0x00000000f8900000, 0x0000000100000000)
  eden space 204800K, 0% used [0x00000000e0000000,0x00000000e0000000,0x00000000ec800000)
  from space 58880K, 99% used [0x00000000ec800000,0x00000000f017a558,0x00000000f0180000)
  to   space 79360K, 0% used [0x00000000f3b80000,0x00000000f3b80000,0x00000000f8900000)
 ParOldGen       total 241664K, used 195589K [0x00000000a0000000, 0x00000000aec00000, 0x00000000e0000000)
  object space 241664K, 80% used [0x00000000a0000000,0x00000000abf01460,0x00000000aec00000)
 Metaspace       used 88799K, capacity 91988K, committed 92200K, reserved 1128448K
  class space    used 11595K, capacity 12300K, committed 12328K, reserved 1048576K
}
Event: 123.492 GC heap before
{Heap before GC invocations=26 (full 4):
 PSYoungGen      total 263680K, used 263657K [0x00000000e0000000, 0x00000000f8900000, 0x0000000100000000)
  eden space 204800K, 100% used [0x00000000e0000000,0x00000000ec800000,0x00000000ec800000)
  from space 58880K, 99% used [0x00000000ec800000,0x00000000f017a558,0x00000000f0180000)
  to   space 79360K, 0% used [0x00000000f3b80000,0x00000000f3b80000,0x00000000f8900000)
 ParOldGen       total 241664K, used 195597K [0x00000000a0000000, 0x00000000aec00000, 0x00000000e0000000)
  object space 241664K, 80% used [0x00000000a0000000,0x00000000abf03470,0x00000000aec00000)
 Metaspace       used 90284K, capacity 93650K, committed 93736K, reserved 1130496K
  class space    used 11788K, capacity 12525K, committed 12584K, reserved 1048576K
Event: 123.656 GC heap after
Heap after GC invocations=26 (full 4):
 PSYoungGen      total 324608K, used 26492K [0x00000000e0000000, 0x00000000f8600000, 0x0000000100000000)
  eden space 248320K, 0% used [0x00000000e0000000,0x00000000e0000000,0x00000000ef280000)
  from space 76288K, 34% used [0x00000000f3b80000,0x00000000f555f180,0x00000000f8600000)
  to   space 74752K, 0% used [0x00000000ef280000,0x00000000ef280000,0x00000000f3b80000)
 ParOldGen       total 241664K, used 231421K [0x00000000a0000000, 0x00000000aec00000, 0x00000000e0000000)
  object space 241664K, 95% used [0x00000000a0000000,0x00000000ae1ff738,0x00000000aec00000)
 Metaspace       used 90284K, capacity 93650K, committed 93736K, reserved 1130496K
  class space    used 11788K, capacity 12525K, committed 12584K, reserved 1048576K
}
Event: 123.656 GC heap before
{Heap before GC invocations=27 (full 5):
 PSYoungGen      total 324608K, used 26492K [0x00000000e0000000, 0x00000000f8600000, 0x0000000100000000)
  eden space 248320K, 0% used [0x00000000e0000000,0x00000000e0000000,0x00000000ef280000)
  from space 76288K, 34% used [0x00000000f3b80000,0x00000000f555f180,0x00000000f8600000)
  to   space 74752K, 0% used [0x00000000ef280000,0x00000000ef280000,0x00000000f3b80000)
 ParOldGen       total 241664K, used 231421K [0x00000000a0000000, 0x00000000aec00000, 0x00000000e0000000)
  object space 241664K, 95% used [0x00000000a0000000,0x00000000ae1ff738,0x00000000aec00000)
 Metaspace       used 90284K, capacity 93650K, committed 93736K, reserved 1130496K
  class space    used 11788K, capacity 12525K, committed 12584K, reserved 1048576K
Event: 123.928 GC heap after
Heap after GC invocations=27 (full 5):
 PSYoungGen      total 324608K, used 0K [0x00000000e0000000, 0x00000000f8600000, 0x0000000100000000)
  eden space 248320K, 0% used [0x00000000e0000000,0x00000000e0000000,0x00000000ef280000)
  from space 76288K, 0% used [0x00000000f3b80000,0x00000000f3b80000,0x00000000f8600000)
  to   space 74752K, 0% used [0x00000000ef280000,0x00000000ef280000,0x00000000f3b80000)
 ParOldGen       total 256512K, used 91082K [0x00000000a0000000, 0x00000000afa80000, 0x00000000e0000000)
  object space 256512K, 35% used [0x00000000a0000000,0x00000000a58f2858,0x00000000afa80000)
 Metaspace       used 90148K, capacity 93304K, committed 93736K, reserved 1130496K
  class space    used 11740K, capacity 12440K, committed 12584K, reserved 1048576K
}
Event: 762.719 GC heap before
{Heap before GC invocations=28 (full 5):
 PSYoungGen      total 324608K, used 248320K [0x00000000e0000000, 0x00000000f8600000, 0x0000000100000000)
  eden space 248320K, 100% used [0x00000000e0000000,0x00000000ef280000,0x00000000ef280000)
  from space 76288K, 0% used [0x00000000f3b80000,0x00000000f3b80000,0x00000000f8600000)
  to   space 74752K, 0% used [0x00000000ef280000,0x00000000ef280000,0x00000000f3b80000)
 ParOldGen       total 256512K, used 91100K [0x00000000a0000000, 0x00000000afa80000, 0x00000000e0000000)
  object space 256512K, 35% used [0x00000000a0000000,0x00000000a58f70d0,0x00000000afa80000)
 Metaspace       used 95865K, capacity 99348K, committed 99624K, reserved 1136640K
  class space    used 12347K, capacity 13090K, committed 13096K, reserved 1048576K
Event: 762.740 GC heap after
Heap after GC invocations=28 (full 5):
 PSYoungGen      total 323072K, used 22101K [0x00000000e0000000, 0x00000000fb100000, 0x0000000100000000)
  eden space 248320K, 0% used [0x00000000e0000000,0x00000000e0000000,0x00000000ef280000)
  from space 74752K, 29% used [0x00000000ef280000,0x00000000f0815758,0x00000000f3b80000)
  to   space 71680K, 0% used [0x00000000f6b00000,0x00000000f6b00000,0x00000000fb100000)
 ParOldGen       total 256512K, used 91108K [0x00000000a0000000, 0x00000000afa80000, 0x00000000e0000000)
  object space 256512K, 35% used [0x00000000a0000000,0x00000000a58f90d0,0x00000000afa80000)
 Metaspace       used 95865K, capacity 99348K, committed 99624K, reserved 1136640K
  class space    used 12347K, capacity 13090K, committed 13096K, reserved 1048576K
}
Event: 825.813 GC heap before
{Heap before GC invocations=29 (full 5):
 PSYoungGen      total 323072K, used 270421K [0x00000000e0000000, 0x00000000fb100000, 0x0000000100000000)
  eden space 248320K, 100% used [0x00000000e0000000,0x00000000ef280000,0x00000000ef280000)
  from space 74752K, 29% used [0x00000000ef280000,0x00000000f0815758,0x00000000f3b80000)
  to   space 71680K, 0% used [0x00000000f6b00000,0x00000000f6b00000,0x00000000fb100000)
 ParOldGen       total 256512K, used 91108K [0x00000000a0000000, 0x00000000afa80000, 0x00000000e0000000)
  object space 256512K, 35% used [0x00000000a0000000,0x00000000a58f90d0,0x00000000afa80000)
 Metaspace       used 95948K, capacity 99354K, committed 99624K, reserved 1136640K
  class space    used 12348K, capacity 13091K, committed 13096K, reserved 1048576K
Event: 825.841 GC heap after
Heap after GC invocations=29 (full 5):
 PSYoungGen      total 355328K, used 6896K [0x00000000e0000000, 0x00000000fa800000, 0x0000000100000000)
  eden space 292864K, 0% used [0x00000000e0000000,0x00000000e0000000,0x00000000f1e00000)
  from space 62464K, 11% used [0x00000000f6b00000,0x00000000f71bc3e0,0x00000000fa800000)
  to   space 70656K, 0% used [0x00000000f1e00000,0x00000000f1e00000,0x00000000f6300000)
 ParOldGen       total 256512K, used 108751K [0x00000000a0000000, 0x00000000afa80000, 0x00000000e0000000)
  object space 256512K, 42% used [0x00000000a0000000,0x00000000a6a33ed8,0x00000000afa80000)
 Metaspace       used 95948K, capacity 99354K, committed 99624K, reserved 1136640K
  class space    used 12348K, capacity 13091K, committed 13096K, reserved 1048576K
}

