# JRE version: OpenJDK Runtime Environment (8.0_202-b03) (build 1.8.0_202-release-1483-b03)
# Java VM: OpenJDK 64-Bit Server VM (25.202-b03 mixed mode windows-amd64 compressed oops)
Heap:
 PSYoungGen      total 262656K, used 135896K [0x00000000e0000000, 0x00000000f5200000, 0x0000000100000000)
  eden space 188416K, 55% used [0x00000000e0000000,0x00000000e669b6f0,0x00000000eb800000)
  from space 74240K, 41% used [0x00000000eb800000,0x00000000ed61abe8,0x00000000f0080000)
  to   space 71680K, 0% used [0x00000000f0c00000,0x00000000f0c00000,0x00000000f5200000)
 ParOldGen       total 179200K, used 137090K [0x00000000a0000000, 0x00000000aaf00000, 0x00000000e0000000)
  object space 179200K, 76% used [0x00000000a0000000,0x00000000a85e08b8,0x00000000aaf00000)
 Metaspace       used 101458K, capacity 104914K, committed 105128K, reserved 1140736K
  class space    used 12929K, capacity 13671K, committed 13736K, reserved 1048576K
GC Heap History (10 events):
Event: 1918.456 GC heap before
{Heap before GC invocations=38 (full 5):
 PSYoungGen      total 239104K, used 168309K [0x00000000e0000000, 0x00000000f3a00000, 0x0000000100000000)
  eden space 157696K, 100% used [0x00000000e0000000,0x00000000e9a00000,0x00000000e9a00000)
  from space 81408K, 13% used [0x00000000eea80000,0x00000000ef4dd5c8,0x00000000f3a00000)
  to   space 81920K, 0% used [0x00000000e9a00000,0x00000000e9a00000,0x00000000eea00000)
 ParOldGen       total 179200K, used 133068K [0x00000000a0000000, 0x00000000aaf00000, 0x00000000e0000000)
  object space 179200K, 74% used [0x00000000a0000000,0x00000000a81f3040,0x00000000aaf00000)
 Metaspace       used 89502K, capacity 92800K, committed 93096K, reserved 1130496K
  class space    used 11670K, capacity 12362K, committed 12456K, reserved 1048576K
Event: 1918.468 GC heap after
Heap after GC invocations=38 (full 5):
 PSYoungGen      total 239616K, used 7336K [0x00000000e0000000, 0x00000000f4900000, 0x0000000100000000)
  eden space 157696K, 0% used [0x00000000e0000000,0x00000000e0000000,0x00000000e9a00000)
  from space 81920K, 8% used [0x00000000e9a00000,0x00000000ea12a3f0,0x00000000eea00000)
  to   space 79872K, 0% used [0x00000000efb00000,0x00000000efb00000,0x00000000f4900000)
 ParOldGen       total 179200K, used 134290K [0x00000000a0000000, 0x00000000aaf00000, 0x00000000e0000000)
  object space 179200K, 74% used [0x00000000a0000000,0x00000000a8324818,0x00000000aaf00000)
 Metaspace       used 89502K, capacity 92800K, committed 93096K, reserved 1130496K
  class space    used 11670K, capacity 12362K, committed 12456K, reserved 1048576K
}
Event: 10361.414 GC heap before
{Heap before GC invocations=39 (full 5):
 PSYoungGen      total 239616K, used 165032K [0x00000000e0000000, 0x00000000f4900000, 0x0000000100000000)
  eden space 157696K, 100% used [0x00000000e0000000,0x00000000e9a00000,0x00000000e9a00000)
  from space 81920K, 8% used [0x00000000e9a00000,0x00000000ea12a3f0,0x00000000eea00000)
  to   space 79872K, 0% used [0x00000000efb00000,0x00000000efb00000,0x00000000f4900000)
 ParOldGen       total 179200K, used 134290K [0x00000000a0000000, 0x00000000aaf00000, 0x00000000e0000000)
  object space 179200K, 74% used [0x00000000a0000000,0x00000000a8324818,0x00000000aaf00000)
 Metaspace       used 89945K, capacity 93302K, committed 93608K, reserved 1130496K
  class space    used 11676K, capacity 12371K, committed 12456K, reserved 1048576K
Event: 10361.433 GC heap after
Heap after GC invocations=39 (full 5):
 PSYoungGen      total 247808K, used 7376K [0x00000000e0000000, 0x00000000f4280000, 0x0000000100000000)
  eden space 174592K, 0% used [0x00000000e0000000,0x00000000e0000000,0x00000000eaa80000)
  from space 73216K, 10% used [0x00000000efb00000,0x00000000f0234010,0x00000000f4280000)
  to   space 77824K, 0% used [0x00000000eaa80000,0x00000000eaa80000,0x00000000ef680000)
 ParOldGen       total 179200K, used 137066K [0x00000000a0000000, 0x00000000aaf00000, 0x00000000e0000000)
  object space 179200K, 76% used [0x00000000a0000000,0x00000000a85da8b8,0x00000000aaf00000)
 Metaspace       used 89945K, capacity 93302K, committed 93608K, reserved 1130496K
  class space    used 11676K, capacity 12371K, committed 12456K, reserved 1048576K
}
Event: 10370.334 GC heap before
{Heap before GC invocations=40 (full 5):
 PSYoungGen      total 247808K, used 181968K [0x00000000e0000000, 0x00000000f4280000, 0x0000000100000000)
  eden space 174592K, 100% used [0x00000000e0000000,0x00000000eaa80000,0x00000000eaa80000)
  from space 73216K, 10% used [0x00000000efb00000,0x00000000f0234010,0x00000000f4280000)
  to   space 77824K, 0% used [0x00000000eaa80000,0x00000000eaa80000,0x00000000ef680000)
 ParOldGen       total 179200K, used 137066K [0x00000000a0000000, 0x00000000aaf00000, 0x00000000e0000000)
  object space 179200K, 76% used [0x00000000a0000000,0x00000000a85da8b8,0x00000000aaf00000)
 Metaspace       used 90131K, capacity 93544K, committed 93864K, reserved 1130496K
  class space    used 11699K, capacity 12412K, committed 12456K, reserved 1048576K
Event: 10370.387 GC heap after
Heap after GC invocations=40 (full 5):
 PSYoungGen      total 252416K, used 38544K [0x00000000e0000000, 0x00000000f5280000, 0x0000000100000000)
  eden space 174592K, 0% used [0x00000000e0000000,0x00000000e0000000,0x00000000eaa80000)
  from space 77824K, 49% used [0x00000000eaa80000,0x00000000ed0241a0,0x00000000ef680000)
  to   space 77824K, 0% used [0x00000000f0680000,0x00000000f0680000,0x00000000f5280000)
 ParOldGen       total 179200K, used 137074K [0x00000000a0000000, 0x00000000aaf00000, 0x00000000e0000000)
  object space 179200K, 76% used [0x00000000a0000000,0x00000000a85dc8b8,0x00000000aaf00000)
 Metaspace       used 90131K, capacity 93544K, committed 93864K, reserved 1130496K
  class space    used 11699K, capacity 12412K, committed 12456K, reserved 1048576K
}
Event: 10555.930 GC heap before
{Heap before GC invocations=41 (full 5):
 PSYoungGen      total 252416K, used 213136K [0x00000000e0000000, 0x00000000f5280000, 0x0000000100000000)
  eden space 174592K, 100% used [0x00000000e0000000,0x00000000eaa80000,0x00000000eaa80000)
  from space 77824K, 49% used [0x00000000eaa80000,0x00000000ed0241a0,0x00000000ef680000)
  to   space 77824K, 0% used [0x00000000f0680000,0x00000000f0680000,0x00000000f5280000)
 ParOldGen       total 179200K, used 137074K [0x00000000a0000000, 0x00000000aaf00000, 0x00000000e0000000)
  object space 179200K, 76% used [0x00000000a0000000,0x00000000a85dc8b8,0x00000000aaf00000)
 Metaspace       used 96240K, capacity 99642K, committed 99880K, reserved 1136640K
  class space    used 12354K, capacity 13085K, committed 13096K, reserved 1048576K
Event: 10555.961 GC heap after
Heap after GC invocations=41 (full 5):
 PSYoungGen      total 256512K, used 14490K [0x00000000e0000000, 0x00000000f4900000, 0x0000000100000000)
  eden space 188416K, 0% used [0x00000000e0000000,0x00000000e0000000,0x00000000eb800000)
  from space 68096K, 21% used [0x00000000f0680000,0x00000000f14a6a60,0x00000000f4900000)
  to   space 74240K, 0% used [0x00000000eb800000,0x00000000eb800000,0x00000000f0080000)
 ParOldGen       total 179200K, used 137082K [0x00000000a0000000, 0x00000000aaf00000, 0x00000000e0000000)
  object space 179200K, 76% used [0x00000000a0000000,0x00000000a85de8b8,0x00000000aaf00000)
 Metaspace       used 96240K, capacity 99642K, committed 99880K, reserved 1136640K
  class space    used 12354K, capacity 13085K, committed 13096K, reserved 1048576K
}
Event: 10558.563 GC heap before
{Heap before GC invocations=42 (full 5):
 PSYoungGen      total 256512K, used 202906K [0x00000000e0000000, 0x00000000f4900000, 0x0000000100000000)
  eden space 188416K, 100% used [0x00000000e0000000,0x00000000eb800000,0x00000000eb800000)
  from space 68096K, 21% used [0x00000000f0680000,0x00000000f14a6a60,0x00000000f4900000)
  to   space 74240K, 0% used [0x00000000eb800000,0x00000000eb800000,0x00000000f0080000)
 ParOldGen       total 179200K, used 137082K [0x00000000a0000000, 0x00000000aaf00000, 0x00000000e0000000)
  object space 179200K, 76% used [0x00000000a0000000,0x00000000a85de8b8,0x00000000aaf00000)
 Metaspace       used 96533K, capacity 100018K, committed 100264K, reserved 1136640K
  class space    used 12379K, capacity 13127K, committed 13224K, reserved 1048576K
Event: 10558.592 GC heap after
Heap after GC invocations=42 (full 5):
 PSYoungGen      total 262656K, used 30826K [0x00000000e0000000, 0x00000000f5200000, 0x0000000100000000)
  eden space 188416K, 0% used [0x00000000e0000000,0x00000000e0000000,0x00000000eb800000)
  from space 74240K, 41% used [0x00000000eb800000,0x00000000ed61abe8,0x00000000f0080000)
  to   space 71680K, 0% used [0x00000000f0c00000,0x00000000f0c00000,0x00000000f5200000)
 ParOldGen       total 179200K, used 137090K [0x00000000a0000000, 0x00000000aaf00000, 0x00000000e0000000)
  object space 179200K, 76% used [0x00000000a0000000,0x00000000a85e08b8,0x00000000aaf00000)
 Metaspace       used 96533K, capacity 100018K, committed 100264K, reserved 1136640K
  class space    used 12379K, capacity 13127K, committed 13224K, reserved 1048576K
}

